2020-08-20 11:47:43,686 [INFO] Activator:178 - 


2020-08-20 11:47:43,688 [INFO] Activator:179 - !SESSION log4j initialized
2020-08-20 11:47:52,385 [INFO] ApplicationProperties:181 - Using Application install path: C:\ST\STM32CubeIDE_1.3.0\STM32CubeIDE\plugins\com.st.stm32cube.common.mx_6.0.1.202008101643
2020-08-20 11:47:52,396 [INFO] DbMcusXml:70 - Set database path to: C:\ST\STM32CubeIDE_1.3.0\STM32CubeIDE\plugins\com.st.stm32cube.common.mx_6.0.1.202008101643\\db\/mcu/
2020-08-20 11:47:52,399 [INFO] DbBoardsPdsc:56 - Set plugin database path to: C:\ST\STM32CubeIDE_1.3.0\STM32CubeIDE\plugins\com.st.stm32cube.common.mx_6.0.1.202008101643\\db\/plugins/boardmanager/
2020-08-20 11:47:52,402 [INFO] DbMcus:258 - Set plugin images path to: C:\ST\STM32CubeIDE_1.3.0\STM32CubeIDE\plugins\com.st.stm32cube.common.mx_6.0.1.202008101643\\db\/plugins/mcufinder/images/
2020-08-20 11:47:52,402 [INFO] DbBoards:264 - Set plugin images path to: C:\ST\STM32CubeIDE_1.3.0\STM32CubeIDE\plugins\com.st.stm32cube.common.mx_6.0.1.202008101643\\db\/plugins/mcufinder/images/
2020-08-20 11:47:52,405 [INFO] DbExamples:326 - Set plugin images path to: C:\ST\STM32CubeIDE_1.3.0\STM32CubeIDE\plugins\com.st.stm32cube.common.mx_6.0.1.202008101643\\db\/plugins/mcufinder/images/
2020-08-20 11:47:52,412 [INFO] DbMcusDocs:112 - Set database path to: C:\Users\marques\.stmcufinder\plugins\mcufinder//mcu/
2020-08-20 11:47:52,415 [INFO] DbMcusJson:63 - Set database path to: C:\Users\marques\.stmcufinder\plugins\mcufinder//mcu/
2020-08-20 11:47:52,417 [INFO] DbBoardsDocs:112 - Set database path to: C:\Users\marques\.stmcufinder\plugins\mcufinder//mcu/
2020-08-20 11:47:52,419 [INFO] DbBoardsJson:56 - Set database path to: C:\Users\marques\.stmcufinder\plugins\mcufinder//mcu/
2020-08-20 11:47:52,423 [INFO] CrossReferenceDbSqlite:196 - Set database path to: C:\Users\marques\.stmcufinder\plugins\mcufinder//mcu/cs/
2020-08-20 11:47:52,427 [INFO] DbExamplesSqlite:800 - Set database path to: C:\Users\marques\.stmcufinder\plugins\mcufinder//mcu/
2020-08-20 11:47:52,545 [INFO] RulesReader:52 - Compatibility file has been processed (209 Rules)
2020-08-20 11:47:52,650 [INFO] MicroXplorer:564 - Detected Java Version = 1.8.0_242
2020-08-20 11:47:52,651 [INFO] DbMcusXml:70 - Set database path to: C:\ST\STM32CubeIDE_1.3.0\STM32CubeIDE\plugins\com.st.stm32cube.common.mx_6.0.1.202008101643\\db\/mcu/
2020-08-20 11:47:52,651 [INFO] DbBoardsPdsc:56 - Set plugin database path to: C:\ST\STM32CubeIDE_1.3.0\STM32CubeIDE\plugins\com.st.stm32cube.common.mx_6.0.1.202008101643\\db\/plugins/boardmanager/
2020-08-20 11:47:52,652 [INFO] DbMcus:258 - Set plugin images path to: C:\ST\STM32CubeIDE_1.3.0\STM32CubeIDE\plugins\com.st.stm32cube.common.mx_6.0.1.202008101643\\db\/plugins/mcufinder/images/
2020-08-20 11:47:52,653 [INFO] DbBoards:264 - Set plugin images path to: C:\ST\STM32CubeIDE_1.3.0\STM32CubeIDE\plugins\com.st.stm32cube.common.mx_6.0.1.202008101643\\db\/plugins/mcufinder/images/
2020-08-20 11:47:52,653 [INFO] DbExamples:326 - Set plugin images path to: C:\ST\STM32CubeIDE_1.3.0\STM32CubeIDE\plugins\com.st.stm32cube.common.mx_6.0.1.202008101643\\db\/plugins/mcufinder/images/
2020-08-20 11:47:52,654 [WARN] DbFile:36 - Overriding database path with different value: C:\Users\marques\.stmcufinder\plugins\mcufinder/ => C:\Users\marques\.stmcufinder\plugins\mcufinder
2020-08-20 11:47:52,654 [INFO] DbMcusDocs:112 - Set database path to: C:\Users\marques\.stmcufinder\plugins\mcufinder//mcu/
2020-08-20 11:47:52,654 [WARN] DbFile:36 - Overriding database path with different value: C:\Users\marques\.stmcufinder\plugins\mcufinder/ => C:\Users\marques\.stmcufinder\plugins\mcufinder
2020-08-20 11:47:52,654 [INFO] DbMcusJson:63 - Set database path to: C:\Users\marques\.stmcufinder\plugins\mcufinder//mcu/
2020-08-20 11:47:52,654 [WARN] DbFile:36 - Overriding database path with different value: C:\Users\marques\.stmcufinder\plugins\mcufinder/ => C:\Users\marques\.stmcufinder\plugins\mcufinder
2020-08-20 11:47:52,654 [INFO] DbBoardsDocs:112 - Set database path to: C:\Users\marques\.stmcufinder\plugins\mcufinder//mcu/
2020-08-20 11:47:52,654 [WARN] DbFile:36 - Overriding database path with different value: C:\Users\marques\.stmcufinder\plugins\mcufinder/ => C:\Users\marques\.stmcufinder\plugins\mcufinder
2020-08-20 11:47:52,655 [INFO] DbBoardsJson:56 - Set database path to: C:\Users\marques\.stmcufinder\plugins\mcufinder//mcu/
2020-08-20 11:47:52,655 [WARN] DbFile:36 - Overriding database path with different value: C:\Users\marques\.stmcufinder\plugins\mcufinder/ => C:\Users\marques\.stmcufinder\plugins\mcufinder
2020-08-20 11:47:52,655 [WARN] DbFile:36 - Overriding database path with different value: C:\Users\marques\.stmcufinder\plugins\mcufinder/ => C:\Users\marques\.stmcufinder\plugins\mcufinder
2020-08-20 11:47:52,655 [INFO] CrossReferenceDbSqlite:196 - Set database path to: C:\Users\marques\.stmcufinder\plugins\mcufinder//mcu/cs/
2020-08-20 11:47:52,655 [WARN] DbFile:36 - Overriding database path with different value: C:\Users\marques\.stmcufinder\plugins\mcufinder/ => C:\Users\marques\.stmcufinder\plugins\mcufinder
2020-08-20 11:47:52,655 [INFO] DbExamplesSqlite:800 - Set database path to: C:\Users\marques\.stmcufinder\plugins\mcufinder//mcu/
2020-08-20 11:47:52,726 [INFO] MainPanel:189 - HeapMemory: 343932928
2020-08-20 11:47:52,788 [INFO] DbMcusXml:70 - Set database path to: C:\ST\STM32CubeIDE_1.3.0\STM32CubeIDE\plugins\com.st.stm32cube.common.mx_6.0.1.202008101643\\db\/mcu/
2020-08-20 11:47:52,789 [INFO] DbBoardsPdsc:56 - Set plugin database path to: C:\ST\STM32CubeIDE_1.3.0\STM32CubeIDE\plugins\com.st.stm32cube.common.mx_6.0.1.202008101643\\db\/plugins/boardmanager/
2020-08-20 11:47:52,789 [INFO] DbMcus:258 - Set plugin images path to: C:\ST\STM32CubeIDE_1.3.0\STM32CubeIDE\plugins\com.st.stm32cube.common.mx_6.0.1.202008101643\\db\/plugins/mcufinder/images/
2020-08-20 11:47:52,789 [INFO] DbBoards:264 - Set plugin images path to: C:\ST\STM32CubeIDE_1.3.0\STM32CubeIDE\plugins\com.st.stm32cube.common.mx_6.0.1.202008101643\\db\/plugins/mcufinder/images/
2020-08-20 11:47:52,789 [INFO] DbExamples:326 - Set plugin images path to: C:\ST\STM32CubeIDE_1.3.0\STM32CubeIDE\plugins\com.st.stm32cube.common.mx_6.0.1.202008101643\\db\/plugins/mcufinder/images/
2020-08-20 11:47:52,790 [WARN] DbFile:36 - Overriding database path with different value: C:\Users\marques\.stmcufinder\plugins\mcufinder/ => C:\Users\marques\.stmcufinder\plugins\mcufinder
2020-08-20 11:47:52,790 [INFO] DbMcusDocs:112 - Set database path to: C:\Users\marques\.stmcufinder\plugins\mcufinder//mcu/
2020-08-20 11:47:52,790 [WARN] DbFile:36 - Overriding database path with different value: C:\Users\marques\.stmcufinder\plugins\mcufinder/ => C:\Users\marques\.stmcufinder\plugins\mcufinder
2020-08-20 11:47:52,790 [INFO] DbMcusJson:63 - Set database path to: C:\Users\marques\.stmcufinder\plugins\mcufinder//mcu/
2020-08-20 11:47:52,790 [WARN] DbFile:36 - Overriding database path with different value: C:\Users\marques\.stmcufinder\plugins\mcufinder/ => C:\Users\marques\.stmcufinder\plugins\mcufinder
2020-08-20 11:47:52,790 [INFO] DbBoardsDocs:112 - Set database path to: C:\Users\marques\.stmcufinder\plugins\mcufinder//mcu/
2020-08-20 11:47:52,790 [WARN] DbFile:36 - Overriding database path with different value: C:\Users\marques\.stmcufinder\plugins\mcufinder/ => C:\Users\marques\.stmcufinder\plugins\mcufinder
2020-08-20 11:47:52,791 [INFO] DbBoardsJson:56 - Set database path to: C:\Users\marques\.stmcufinder\plugins\mcufinder//mcu/
2020-08-20 11:47:52,791 [WARN] DbFile:36 - Overriding database path with different value: C:\Users\marques\.stmcufinder\plugins\mcufinder/ => C:\Users\marques\.stmcufinder\plugins\mcufinder
2020-08-20 11:47:52,791 [WARN] DbFile:36 - Overriding database path with different value: C:\Users\marques\.stmcufinder\plugins\mcufinder/ => C:\Users\marques\.stmcufinder\plugins\mcufinder
2020-08-20 11:47:52,791 [INFO] CrossReferenceDbSqlite:196 - Set database path to: C:\Users\marques\.stmcufinder\plugins\mcufinder//mcu/cs/
2020-08-20 11:47:52,792 [WARN] DbFile:36 - Overriding database path with different value: C:\Users\marques\.stmcufinder\plugins\mcufinder/ => C:\Users\marques\.stmcufinder\plugins\mcufinder
2020-08-20 11:47:52,792 [INFO] DbExamplesSqlite:800 - Set database path to: C:\Users\marques\.stmcufinder\plugins\mcufinder//mcu/
2020-08-20 11:47:52,811 [INFO] ApplicationProperties:181 - Using Application install path: C:\ST\STM32CubeIDE_1.3.0\STM32CubeIDE\plugins\com.st.stm32cube.common.mx_6.0.1.202008101643
2020-08-20 11:47:52,812 [INFO] PluginManage:178 - Search for loadable plugins [exclusion list=, ]
2020-08-20 11:47:52,813 [INFO] PluginManage:292 - Check plugin analytics
2020-08-20 11:47:57,467 [INFO] AnalyticsPlugin:203 - Accepted Software Licenses: 
2020-08-20 11:47:57,468 [INFO] AnalyticsPlugin:205 - Accepted CMSIS Pack Licenses: 
2020-08-20 11:47:57,468 [INFO] AnalyticsPlugin:207 - Accepted Firmware Licenses: 
2020-08-20 11:47:57,469 [INFO] PluginManage:342 - Loaded plugin analytics (category:tool,tabindex:-1)
2020-08-20 11:47:57,469 [INFO] PluginManage:292 - Check plugin clock
2020-08-20 11:47:57,485 [INFO] PluginManage:342 - Loaded plugin clock (category:base,tabindex:2)
2020-08-20 11:47:57,486 [INFO] PluginManage:292 - Check plugin ddr
2020-08-20 11:47:57,489 [INFO] PluginManage:342 - Loaded plugin ddr (category:tool,tabindex:6)
2020-08-20 11:47:57,489 [INFO] PluginManage:292 - Check plugin filemanager
2020-08-20 11:47:57,603 [INFO] PluginManage:342 - Loaded plugin filemanager (category:base,tabindex:10)
2020-08-20 11:47:57,604 [INFO] PluginManage:292 - Check plugin ipmanager
2020-08-20 11:47:57,611 [INFO] PluginManage:342 - Loaded plugin ipmanager (category:base,tabindex:5)
2020-08-20 11:47:57,611 [INFO] PluginManage:292 - Check plugin pinoutandconfiguration
2020-08-20 11:47:57,619 [INFO] PluginManage:342 - Loaded plugin pinoutandconfiguration (category:base,tabindex:1)
2020-08-20 11:47:57,620 [INFO] PluginManage:292 - Check plugin pinoutconfig
2020-08-20 11:47:57,644 [INFO] PluginManage:342 - Loaded plugin pinoutconfig (category:base,tabindex:0)
2020-08-20 11:47:57,644 [INFO] PluginManage:292 - Check plugin power
2020-08-20 11:47:57,652 [INFO] PluginManage:342 - Loaded plugin power (category:power,tabindex:4)
2020-08-20 11:47:57,652 [INFO] PluginManage:292 - Check plugin projectmanager
2020-08-20 11:47:57,667 [INFO] PluginManage:342 - Loaded plugin projectmanager (category:projectmanager,tabindex:3)
2020-08-20 11:47:57,667 [INFO] PluginManage:292 - Check plugin thirdparty
2020-08-20 11:47:57,754 [INFO] ThirdPartyDb:333 - Open Third Party DataBase File (C:/Users/marques/.stm32cubemx/plugins/thirdparty/db/thirdparties_db.xml) : 44 ms. number of Sw pack : 24
2020-08-20 11:47:57,759 [INFO] PluginManage:342 - Loaded plugin thirdparty (category:base,tabindex:-1)
2020-08-20 11:47:57,760 [INFO] PluginManage:292 - Check plugin tools
2020-08-20 11:47:57,763 [INFO] PluginManage:342 - Loaded plugin tools (category:base,tabindex:7)
2020-08-20 11:47:57,763 [INFO] PluginManage:292 - Check plugin tutovideos
2020-08-20 11:47:57,967 [INFO] PluginManage:342 - Loaded plugin tutovideos (category:base,tabindex:-1)
2020-08-20 11:47:57,967 [INFO] PluginManage:292 - Check plugin updater
2020-08-20 11:47:57,981 [INFO] PluginManage:342 - Loaded plugin updater (category:base,tabindex:12)
2020-08-20 11:47:57,982 [INFO] PluginManage:265 - PluginManage : Loaded plugins [13]
2020-08-20 11:47:58,158 [INFO] PinOutPanel:1418 - setPackage(No Configuration,No Configuration)
2020-08-20 11:47:58,251 [INFO] IPUIPlugin:64 - create IPUIPlugin
2020-08-20 11:47:58,252 [INFO] PluginManager:200 - loadIPPluginJar : add adc
2020-08-20 11:47:58,255 [INFO] IPUIPlugin:64 - create IPUIPlugin
2020-08-20 11:47:58,255 [INFO] PluginManager:200 - loadIPPluginJar : add aes
2020-08-20 11:47:58,259 [INFO] IPUIPlugin:64 - create IPUIPlugin
2020-08-20 11:47:58,259 [INFO] PluginManager:200 - loadIPPluginJar : add can
2020-08-20 11:47:58,261 [INFO] IPUIPlugin:64 - create IPUIPlugin
2020-08-20 11:47:58,261 [INFO] PluginManager:200 - loadIPPluginJar : add comp
2020-08-20 11:47:58,264 [INFO] IPUIPlugin:64 - create IPUIPlugin
2020-08-20 11:47:58,265 [INFO] PluginManager:200 - loadIPPluginJar : add cryp
2020-08-20 11:47:58,267 [INFO] IPUIPlugin:64 - create IPUIPlugin
2020-08-20 11:47:58,267 [INFO] PluginManager:200 - loadIPPluginJar : add dfsdm
2020-08-20 11:47:58,273 [INFO] IPUIPlugin:64 - create IPUIPlugin
2020-08-20 11:47:58,274 [INFO] PluginManager:200 - loadIPPluginJar : add dma
2020-08-20 11:47:58,276 [INFO] IPUIPlugin:64 - create IPUIPlugin
2020-08-20 11:47:58,277 [INFO] PluginManager:200 - loadIPPluginJar : add fatfs
2020-08-20 11:47:58,283 [INFO] IPUIPlugin:64 - create IPUIPlugin
2020-08-20 11:47:58,283 [INFO] PluginManager:200 - loadIPPluginJar : add fmc
2020-08-20 11:47:58,289 [INFO] IPUIPlugin:64 - create IPUIPlugin
2020-08-20 11:47:58,290 [INFO] PluginManager:200 - loadIPPluginJar : add freertos
2020-08-20 11:47:58,292 [INFO] IPUIPlugin:64 - create IPUIPlugin
2020-08-20 11:47:58,293 [INFO] PluginManager:200 - loadIPPluginJar : add genericplugin
2020-08-20 11:47:58,295 [INFO] IPUIPlugin:64 - create IPUIPlugin
2020-08-20 11:47:58,295 [INFO] PluginManager:200 - loadIPPluginJar : add gfxmmu
2020-08-20 11:47:58,308 [INFO] IPUIPlugin:64 - create IPUIPlugin
2020-08-20 11:47:58,308 [INFO] PluginManager:200 - loadIPPluginJar : add gic
2020-08-20 11:47:58,312 [INFO] IPUIPlugin:64 - create IPUIPlugin
2020-08-20 11:47:58,313 [INFO] PluginManager:200 - loadIPPluginJar : add gpio
2020-08-20 11:47:58,315 [INFO] IPUIPlugin:64 - create IPUIPlugin
2020-08-20 11:47:58,315 [INFO] PluginManager:200 - loadIPPluginJar : add gtzc
2020-08-20 11:47:58,318 [INFO] IPUIPlugin:64 - create IPUIPlugin
2020-08-20 11:47:58,318 [INFO] PluginManager:200 - loadIPPluginJar : add hash
2020-08-20 11:47:58,321 [INFO] IPUIPlugin:64 - create IPUIPlugin
2020-08-20 11:47:58,321 [INFO] PluginManager:200 - loadIPPluginJar : add i2c
2020-08-20 11:47:58,324 [INFO] IPUIPlugin:64 - create IPUIPlugin
2020-08-20 11:47:58,324 [INFO] PluginManager:200 - loadIPPluginJar : add i2s
2020-08-20 11:47:58,327 [INFO] IPUIPlugin:64 - create IPUIPlugin
2020-08-20 11:47:58,327 [INFO] PluginManager:200 - loadIPPluginJar : add ipddr
2020-08-20 11:47:58,329 [INFO] IPUIPlugin:64 - create IPUIPlugin
2020-08-20 11:47:58,329 [INFO] PluginManager:200 - loadIPPluginJar : add ltdc
2020-08-20 11:47:58,332 [INFO] IPUIPlugin:64 - create IPUIPlugin
2020-08-20 11:47:58,333 [INFO] PluginManager:200 - loadIPPluginJar : add mdma
2020-08-20 11:47:58,335 [INFO] IPUIPlugin:64 - create IPUIPlugin
2020-08-20 11:47:58,336 [INFO] PluginManager:200 - loadIPPluginJar : add nvic
2020-08-20 11:47:58,340 [INFO] IPUIPlugin:64 - create IPUIPlugin
2020-08-20 11:47:58,340 [INFO] PluginManager:200 - loadIPPluginJar : add opamp
2020-08-20 11:47:58,343 [INFO] IPUIPlugin:64 - create IPUIPlugin
2020-08-20 11:47:58,344 [INFO] PluginManager:200 - loadIPPluginJar : add openamp
2020-08-20 11:47:58,347 [INFO] IPUIPlugin:64 - create IPUIPlugin
2020-08-20 11:47:58,347 [INFO] PluginManager:200 - loadIPPluginJar : add pdm2pcm
2020-08-20 11:47:58,355 [INFO] IPUIPlugin:64 - create IPUIPlugin
2020-08-20 11:47:58,358 [INFO] PluginManager:200 - loadIPPluginJar : add plateformsettings
2020-08-20 11:47:58,359 [INFO] IPUIPlugin:64 - create IPUIPlugin
2020-08-20 11:47:58,360 [INFO] PluginManager:200 - loadIPPluginJar : add quadspi
2020-08-20 11:47:58,362 [INFO] IPUIPlugin:64 - create IPUIPlugin
2020-08-20 11:47:58,363 [INFO] PluginManager:200 - loadIPPluginJar : add resmgrutility
2020-08-20 11:47:58,365 [INFO] IPUIPlugin:64 - create IPUIPlugin
2020-08-20 11:47:58,365 [INFO] PluginManager:200 - loadIPPluginJar : add sai
2020-08-20 11:47:58,368 [INFO] IPUIPlugin:64 - create IPUIPlugin
2020-08-20 11:47:58,368 [INFO] PluginManager:200 - loadIPPluginJar : add spi
2020-08-20 11:47:58,372 [INFO] IPUIPlugin:64 - create IPUIPlugin
2020-08-20 11:47:58,372 [INFO] PluginManager:200 - loadIPPluginJar : add stm32_wpan
2020-08-20 11:47:58,374 [INFO] IPUIPlugin:64 - create IPUIPlugin
2020-08-20 11:47:58,374 [INFO] PluginManager:200 - loadIPPluginJar : add tim
2020-08-20 11:47:58,377 [INFO] IPUIPlugin:64 - create IPUIPlugin
2020-08-20 11:47:58,378 [INFO] PluginManager:200 - loadIPPluginJar : add touchsensing
2020-08-20 11:47:58,379 [INFO] IPUIPlugin:64 - create IPUIPlugin
2020-08-20 11:47:58,380 [INFO] PluginManager:200 - loadIPPluginJar : add tracer_emb
2020-08-20 11:47:58,381 [INFO] IPUIPlugin:64 - create IPUIPlugin
2020-08-20 11:47:58,382 [INFO] PluginManager:200 - loadIPPluginJar : add ts
2020-08-20 11:47:58,383 [INFO] IPUIPlugin:64 - create IPUIPlugin
2020-08-20 11:47:58,383 [INFO] PluginManager:200 - loadIPPluginJar : add tsc
2020-08-20 11:47:58,385 [INFO] IPUIPlugin:64 - create IPUIPlugin
2020-08-20 11:47:58,385 [INFO] PluginManager:200 - loadIPPluginJar : add ucpd
2020-08-20 11:47:58,388 [INFO] IPUIPlugin:64 - create IPUIPlugin
2020-08-20 11:47:58,388 [INFO] PluginManager:200 - loadIPPluginJar : add usart
2020-08-20 11:47:59,337 [INFO] CubeProgrammer:457 - [DDR PANEL] - PathOfProgrammer: null
2020-08-20 11:48:00,213 [FATAL] Updater:282 - Updater called before beeing initialized
2020-08-20 11:48:00,363 [FATAL] Updater:282 - Updater called before beeing initialized
2020-08-20 11:48:00,363 [WARN] ThirdParty:775 - waiting for thirdparty lock release [close project]
2020-08-20 11:48:00,363 [INFO] ThirdParty:777 - entering critical section [close project]
2020-08-20 11:48:00,364 [INFO] ThirdParty:790 - exiting critical section [close project]
2020-08-20 11:48:00,366 [INFO] PinOutPanel:1418 - setPackage(No Configuration,No Configuration)
2020-08-20 11:48:00,366 [FATAL] Updater:282 - Updater called before beeing initialized
2020-08-20 11:48:00,371 [ERROR] Updater:967 - MainUpdater not yet initialized. External WinMGr cannot be set.
2020-08-20 11:48:00,372 [INFO] CubeProgrammer:457 - [DDR PANEL] - PathOfProgrammer: C:\ST\STM32CubeIDE_1.3.0\STM32CubeIDE\plugins\com.st.stm32cube.ide.mcu.externaltools.cubeprogrammer.win32_1.4.0.202007081208\tools\bin
2020-08-20 11:48:00,375 [INFO] ProgrammerExecThread:148 - [ProgrammerAPI] CubeProgrammer command construction: C:\ST\STM32CubeIDE_1.3.0\STM32CubeIDE\plugins\com.st.stm32cube.ide.mcu.externaltools.cubeprogrammer.win32_1.4.0.202007081208\tools\bin\STM32_Programmer_CLI.exe -l
2020-08-20 11:48:00,476 [INFO] MainDdrPanel:49 - [DDR PANEL] SETTER - Set cubeProgrammerPath to: C:\ST\STM32CubeIDE_1.3.0\STM32CubeIDE\plugins\com.st.stm32cube.ide.mcu.externaltools.cubeprogrammer.win32_1.4.0.202007081208\tools\bin
2020-08-20 11:48:00,511 [INFO] Updater:904 - Updater Version found : 6.0.1
2020-08-20 11:48:00,535 [INFO] ApplicationProperties:181 - Using Application install path: C:\ST\STM32CubeIDE_1.3.0\STM32CubeIDE\plugins\com.st.stm32cube.common.mx_6.0.1.202008101643
2020-08-20 11:48:00,679 [INFO] MainUpdater:2268 - connection check result : 10
2020-08-20 11:48:00,682 [INFO] MainUpdater:239 - Updater Check For Update Now.
2020-08-20 11:48:00,683 [INFO] MicroXplorer:414 - Change Database Version : DB.6.0.0
2020-08-20 11:48:00,762 [WARN] IntegrityCheckThread:61 - waiting for thirdparty lock release [integrity check]
2020-08-20 11:48:00,763 [INFO] IntegrityCheckThread:63 - entering critical section [integrity check]
2020-08-20 11:48:00,763 [WARN] MainUpdater:1087 - Updater busy. Cannot search thirdparties
2020-08-20 11:48:00,783 [INFO] CheckServerUpdateThread:102 - End of CheckServer Thread
2020-08-20 11:48:00,800 [INFO] MainUpdater:2268 - connection check result : 10
2020-08-20 11:48:01,010 [INFO] McuFinderGlobals:40 - Set McuFinder mode to 2 (CubeIDE integrated)
2020-08-20 11:48:01,232 [INFO] CrossSelectorPresenter:1330 - Cross Selector saved comparison directory: C:\Users\marques\.stmcufinder\plugins\mcufinder\mcu\cs_comparisons_mx
2020-08-20 11:48:01,237 [INFO] MultiScanPanel:193 - Auto-refresh data requested => check proxy status ongoing
2020-08-20 11:48:01,240 [INFO] FinderPluginLoader:87 - Searching for filters in installed packs
2020-08-20 11:48:01,242 [INFO] DbMcusXml:100 - Load MCU database from C:\ST\STM32CubeIDE_1.3.0\STM32CubeIDE\plugins\com.st.stm32cube.common.mx_6.0.1.202008101643\\db\/mcu/families.xml
2020-08-20 11:48:01,964 [INFO] DbMcusJson:92 - JSON generation date=Mon Jul 27 14:58:30 CEST 2020 (1595854710)
2020-08-20 11:48:02,669 [INFO] DbMcus:175 - Found 1761 MCUs (1722 are supported by CubeMX, 1728 are visible in CubeMX)
2020-08-20 11:48:02,669 [INFO] ApiDb:201 - Load user favorites file C:\Users\marques/.stm32cubeide/favorites.mcus.txt: 0 item(s)
2020-08-20 11:48:02,670 [INFO] ApiDb:205 - User favorites MCUs=[]
2020-08-20 11:48:02,670 [INFO] DbMcus:187 - Set 0 / 0 favorites MCUs
2020-08-20 11:48:03,019 [INFO] LoadUrlFilesThread:162 - End of LoadServerUrlFiles without Thread
2020-08-20 11:48:03,066 [INFO] DetailPanel:331 - Set advertising image to C:/Users/marques/STM32Cube/Repository/\stm32cubemx-promo_image.jpg
2020-08-20 11:48:03,454 [INFO] McuFilterPanel:245 - Update 0 favorites MCUs
2020-08-20 11:48:03,524 [INFO] DbBoardsPdsc:94 - Found 23 items
2020-08-20 11:48:03,526 [INFO] DbBoardsPdsc:94 - Found 9 items
2020-08-20 11:48:03,530 [INFO] DbBoardsPdsc:94 - Found 29 items
2020-08-20 11:48:03,532 [INFO] DbBoardsPdsc:94 - Found 1 items
2020-08-20 11:48:03,538 [INFO] DbBoardsPdsc:94 - Found 44 items
2020-08-20 11:48:03,546 [INFO] DbBoardsPdsc:94 - Found 40 items
2020-08-20 11:48:03,549 [INFO] DbBoardsPdsc:94 - Found 2 items
2020-08-20 11:48:03,551 [INFO] DbBoardsPdsc:94 - Found 4 items
2020-08-20 11:48:03,560 [WARN] DbBoardsPdsc:258 - Board STM32H7B3I-DK: unknown feature type=Audio, name=, username=Audio stereo codec with Headphone Amp (CS42L51-CNZ), n=1
2020-08-20 11:48:03,560 [WARN] DbBoardsPdsc:258 - Board STM32H735G-DK: unknown feature type=Audio, name=, username=Audio stereo codec with Headphone Amp (WM8994ECS/R), n=1
2020-08-20 11:48:03,562 [WARN] DbBoardsPdsc:258 - Board STM32H7B3I-EVAL: unknown feature type=Audio, name=, username=Multi-Channel Audio Codec (CS42L51-CNZ), n=1
2020-08-20 11:48:03,563 [WARN] DbBoardsPdsc:258 - Board STM32H7B3I-EVAL: unknown feature type=Meter, name=, username=Power-metering and Temperature-monitoring with sigma-delta modulators, n=1
2020-08-20 11:48:03,563 [WARN] DbBoardsPdsc:258 - Board STM32H7B3I-EVAL: unknown feature type=Motor, name=, username=Motor Control, n=1
2020-08-20 11:48:03,576 [INFO] DbBoardsJson:85 - JSON generation date=Thu Jul 02 15:35:57 CEST 2020 (1593696957)
2020-08-20 11:48:03,582 [INFO] DbBoards:117 - Found 152 boards (149 are supported by CubeMX)
2020-08-20 11:48:03,593 [INFO] DbBoardsDocs:145 - JSON generation date=Mon Jul 27 14:58:30 CEST 2020 (1595854710)
2020-08-20 11:48:03,613 [INFO] DbBoardsDocs:81 - Found 185 boards documents
2020-08-20 11:48:03,614 [WARN] DbBoards:149 - board B-G474E-DPOW1 / document id not found: 4624
2020-08-20 11:48:03,614 [WARN] DbBoards:149 - board B-G474E-DPOW1 / document id not found: 4625
2020-08-20 11:48:03,614 [WARN] DbBoards:127 - board B-L462E-CELL1 has no document id list !
2020-08-20 11:48:03,614 [WARN] DbBoards:127 - board B-L475E-IOT01A2 has no document id list !
2020-08-20 11:48:03,615 [WARN] DbBoards:127 - board NUCLEO-G491RE has no document id list !
2020-08-20 11:48:03,615 [WARN] DbBoards:127 - board NUCLEO-H723ZG has no document id list !
2020-08-20 11:48:03,616 [WARN] DbBoards:127 - board NUCLEO-H743ZI2 has no document id list !
2020-08-20 11:48:03,616 [WARN] DbBoards:127 - board NUCLEO-WB55RG has no document id list !
2020-08-20 11:48:03,616 [WARN] DbBoards:127 - board P-NUCLEO-WB55-Nucleo has no document id list !
2020-08-20 11:48:03,616 [WARN] DbBoards:127 - board P-NUCLEO-WB55-USBDongle has no document id list !
2020-08-20 11:48:03,616 [WARN] DbBoards:127 - board STEVAL-BFA001V1B has no document id list !
2020-08-20 11:48:03,617 [WARN] DbBoards:127 - board STEVAL-BFA001V2B has no document id list !
2020-08-20 11:48:03,617 [WARN] DbBoards:127 - board STEVAL-IDP005V1 has no document id list !
2020-08-20 11:48:03,617 [WARN] DbBoards:127 - board STEVAL-IDP005V2 has no document id list !
2020-08-20 11:48:03,617 [WARN] DbBoards:127 - board STEVAL-MKSBOX1V1 has no document id list !
2020-08-20 11:48:03,617 [WARN] DbBoards:127 - board STEVAL-STWINKT1 has no document id list !
2020-08-20 11:48:03,617 [WARN] DbBoards:127 - board STM32F401C-DISCO has no document id list !
2020-08-20 11:48:03,618 [WARN] DbBoards:127 - board STM32F769I-DISC1 has no document id list !
2020-08-20 11:48:03,618 [WARN] DbBoards:127 - board STM32G474E-EVAL1 has no document id list !
2020-08-20 11:48:03,618 [WARN] DbBoards:127 - board STM32H735G-DK has no document id list !
2020-08-20 11:48:03,618 [WARN] DbBoards:127 - board STM32H743I-EVAL2 has no document id list !
2020-08-20 11:48:03,618 [WARN] DbBoards:127 - board STM32H747I-DISC1 has no document id list !
2020-08-20 11:48:03,618 [WARN] DbBoards:127 - board STM32H753I-EVAL2 has no document id list !
2020-08-20 11:48:03,619 [WARN] DbBoards:127 - board STM32L-DISCOVERY has no document id list !
2020-08-20 11:48:03,619 [WARN] DbBoards:127 - board STM32MP157A-DK1 has no document id list !
2020-08-20 11:48:03,619 [WARN] DbBoards:127 - board STM32MP157F-EV1 has no document id list !
2020-08-20 11:48:03,682 [ERROR] DbBoards:192 - No image file URL for board B-L462E-CELL1
2020-08-20 11:48:03,885 [INFO] ThirdPartyDb:299 - Save Third Party DataBase File (C:/Users/marques/.stm32cubemx/plugins/thirdparty/db/thirdparties_db.xml) [forced]
2020-08-20 11:48:04,095 [INFO] ThirdPartyDb:299 - Save Third Party DataBase File (C:/Users/marques/.stm32cubemx/plugins/thirdparty/db/thirdparties_db.xml) [forced]
2020-08-20 11:48:04,132 [INFO] IntegrityCheckThread:76 - exiting critical section [integrity check]
2020-08-20 11:48:04,132 [INFO] IntegrityCheckThread:79 - End integrity checks thread
2020-08-20 11:48:05,024 [INFO] ApiDb:201 - Load user favorites file C:\Users\marques/.stm32cubeide/favorites.boards.txt: 1 item(s)
2020-08-20 11:48:05,024 [INFO] ApiDb:205 - User favorites Boards=[NUCLEO-F103RB]
2020-08-20 11:48:05,024 [INFO] DbBoards:206 - Set 1 / 1 favorites Boards
2020-08-20 11:48:23,682 [INFO] MainUpdater:2268 - connection check result : 10
2020-08-20 11:48:23,683 [INFO] MainUpdater:2268 - connection check result : 10
2020-08-20 11:48:23,726 [INFO] MicroXplorer:384 - Change Database Path : 
2020-08-20 11:48:23,726 [INFO] MicroXplorer:414 - Change Database Version : DB.6.0.0
2020-08-20 11:48:23,727 [WARN] ThirdParty:775 - waiting for thirdparty lock release [close project]
2020-08-20 11:48:23,727 [INFO] ThirdParty:777 - entering critical section [close project]
2020-08-20 11:48:23,727 [INFO] ThirdParty:790 - exiting critical section [close project]
2020-08-20 11:48:23,731 [INFO] PinOutPanel:1418 - setPackage(No Configuration,No Configuration)
2020-08-20 11:48:23,732 [INFO] UtilMem:74 - Begin LoadConfig() Used Memory: 403477840 Bytes (522190848)
2020-08-20 11:48:33,449 [INFO] MicroXplorer:384 - Change Database Path : 
2020-08-20 11:48:33,449 [INFO] MicroXplorer:414 - Change Database Version : DB.6.0.0
2020-08-20 11:48:33,450 [INFO] OpenFileManager:274 - Change cursor
2020-08-20 11:48:34,606 [INFO] Rule:211 - rule SPDIFRX instance for mcu is applicable
2020-08-20 11:48:34,607 [INFO] Rule:211 - rule Rename Tracer Mode is applicable
2020-08-20 11:48:34,607 [INFO] Rule:211 - rule SPDIFRX instance value for IP SPDIFRX is applicable
2020-08-20 11:48:34,607 [INFO] Rule:211 - rule SPDIFRX instance for signal is applicable
2020-08-20 11:48:34,607 [INFO] Rule:211 - rule SPDIFRX instance for project manager is applicable
2020-08-20 11:48:34,607 [INFO] Rule:211 - rule SPDIFRX instance for project manager is applicable
2020-08-20 11:48:34,608 [INFO] Rule:211 - rule ADC Scan  fix with FW F7 is applicable
2020-08-20 11:48:34,608 [INFO] Rule:211 - rule ADC Scan  fix with FW F7 is applicable
2020-08-20 11:48:34,608 [INFO] Rule:211 - rule Rename AES DataEncryptionTypesList to Algorithm is applicable
2020-08-20 11:48:34,608 [INFO] Rule:211 - rule Rename TDESECB to CRYP_TDES_ECB is applicable
2020-08-20 11:48:34,609 [INFO] Rule:211 - rule Rename TDESCBC to CRYP_TDES_CBC is applicable
2020-08-20 11:48:34,609 [INFO] Rule:211 - rule Rename DESECB to CRYP_DES_ECB is applicable
2020-08-20 11:48:34,609 [INFO] Rule:211 - rule Rename DESCBC to CRYP_DES_CBC is applicable
2020-08-20 11:48:34,609 [INFO] Rule:211 - rule Rename AESECB to CRYP_AES_ECB is applicable
2020-08-20 11:48:34,609 [INFO] Rule:211 - rule Rename AESCBC to CRYP_AES_CBC is applicable
2020-08-20 11:48:34,609 [INFO] Rule:211 - rule Rename AESCTR to CRYP_AES_CTR is applicable
2020-08-20 11:48:34,609 [INFO] Rule:211 - rule Rename AESGCM to CRYP_AES_GCM is applicable
2020-08-20 11:48:34,609 [INFO] Rule:211 - rule Rename AESCCM to CRYP_AES_CCM is applicable
2020-08-20 11:48:34,610 [INFO] Rule:211 - rule USART TxPinLevelInvertParam Mode is applicable
2020-08-20 11:48:34,610 [INFO] Rule:211 - rule USART RxPinLevelInvertParam Mode is applicable
2020-08-20 11:48:34,610 [INFO] Rule:211 - rule USART DataInvertParam Mode is applicable
2020-08-20 11:48:34,610 [INFO] Rule:211 - rule USART SwapParam Mode is applicable
2020-08-20 11:48:34,610 [INFO] Rule:211 - rule USART OverrunDisableParam Mode is applicable
2020-08-20 11:48:34,610 [INFO] Rule:211 - rule USART DMADisableonRxErrorParam Mode is applicable
2020-08-20 11:48:34,611 [INFO] Rule:211 - rule USART MSBFirstParam Mode is applicable
2020-08-20 11:48:34,611 [INFO] Rule:211 - rule Update MwName for USB_DEVICE is applicable
2020-08-20 11:48:34,611 [INFO] Rule:211 - rule Change PWR_Regulator_Voltage_Scale Default Value for RCC  H7 family is applicable
2020-08-20 11:48:34,611 [INFO] Rule:211 - rule UART/USART IPParameter rename Prescaler parameter to ClockPrescaler is applicable
2020-08-20 11:48:34,611 [INFO] Rule:211 - rule UART/USART Prescaler rename Prescaler parameter to ClockPrescaler is applicable
2020-08-20 11:48:34,611 [INFO] Rule:211 - rule TIM1CLockSelection is applicable
2020-08-20 11:48:34,611 [INFO] Rule:211 - rule TIM15CLockSelection is applicable
2020-08-20 11:48:34,611 [INFO] Rule:211 - rule align RCC SDMMC3CLockSelection default value on MP1 is applicable
2020-08-20 11:48:34,611 [INFO] Rule:211 - rule align RCC SDMMC12CLockSelection default value on MP1 is applicable
2020-08-20 11:48:34,612 [INFO] Rule:211 - rule align RCC QSPICLockSelection default value on MP1 is applicable
2020-08-20 11:48:34,612 [INFO] Rule:211 - rule align RCC QSPICLockSelection default value on MP1 is applicable
2020-08-20 11:48:34,612 [INFO] Rule:211 - rule align RCC SPI6CLockSelection default value on MP1 is applicable
2020-08-20 11:48:34,612 [INFO] Rule:211 - rule align RCC LPTIM23CLockSelection default value on MP1 is applicable
2020-08-20 11:48:34,612 [INFO] Rule:211 - rule align RCC LPTIM1CLockSelection default value on MP1 is applicable
2020-08-20 11:48:34,612 [INFO] Rule:211 - rule align RCC USART1CLockSelection default value on MP1 is applicable
2020-08-20 11:48:34,612 [INFO] Rule:211 - rule align RCC USART24CLockSelection default value on MP1 is applicable
2020-08-20 11:48:34,612 [INFO] Rule:211 - rule align RCC USART6CLockSelection default value on MP1 is applicable
2020-08-20 11:48:34,612 [INFO] Rule:211 - rule align RCC UART78CLockSelection default value on MP1 is applicable
2020-08-20 11:48:34,613 [INFO] Rule:211 - rule align RCC USART35CLockSelection default value on MP1 is applicable
2020-08-20 11:48:34,613 [INFO] Rule:211 - rule align RCC SPI45CLockSelection default value on MP1 is applicable
2020-08-20 11:48:34,613 [INFO] Rule:211 - rule align RCC I2C46CLockSelection BCLK value on MP1 is applicable
2020-08-20 11:48:34,613 [INFO] Rule:211 - rule align RCC SPI45CLockSelection default value on MP1 is applicable
2020-08-20 11:48:34,613 [INFO] Rule:211 - rule align RCC I2C12CLockSelection default value on MP1 is applicable
2020-08-20 11:48:34,613 [INFO] Rule:211 - rule align RCC I2C35CLockSelection default value on MP1 is applicable
2020-08-20 11:48:34,613 [INFO] Rule:211 - rule align RCC LPTIM45CLockSelection default value on MP1 is applicable
2020-08-20 11:48:34,613 [INFO] Rule:211 - rule Rename DCMI PIXCK signal is applicable
2020-08-20 11:48:34,614 [INFO] Rule:211 - rule Change Default Value for I2C46CLockSelection MP1 family is applicable
2020-08-20 11:48:34,614 [INFO] Rule:211 - rule Change Default Value for UART for G4, G0 and WB families is applicable
2020-08-20 11:48:34,614 [INFO] Rule:211 - rule Change Default Value for USART for G4, G0 and WB families is applicable
2020-08-20 11:48:34,614 [INFO] Rule:211 - rule Change Default Value for USART for G4 family is applicable
2020-08-20 11:48:34,614 [INFO] Rule:211 - rule Change USART1CLockSelection refparam name for MP1 is applicable
2020-08-20 11:48:34,614 [INFO] Rule:211 - rule Change USART2CLockSelection refparam name for MP1 is applicable
2020-08-20 11:48:34,614 [INFO] Rule:211 - rule Change USART3CLockSelection refparam name for MP1 is applicable
2020-08-20 11:48:34,615 [INFO] Rule:211 - rule Change UART4CLockSelection refparam name for MP1 is applicable
2020-08-20 11:48:34,615 [INFO] Rule:211 - rule Change UART5CLockSelection refparam name for MP1 is applicable
2020-08-20 11:48:34,615 [INFO] Rule:211 - rule Change LPUART1CLockSelection refparam name for MP1 is applicable
2020-08-20 11:48:34,615 [INFO] Rule:211 - rule Change LPTIM1CLockSelection refparam name for MP1 is applicable
2020-08-20 11:48:34,615 [INFO] Rule:211 - rule Change LPTIM2CLockSelection refparam name for MP1 is applicable
2020-08-20 11:48:34,615 [INFO] Rule:211 - rule Change RCC_MCO1Source refparam name for MP1 is applicable
2020-08-20 11:48:34,615 [INFO] Rule:211 - rule Change LSCOSource1 refparam name for MP1 is applicable
2020-08-20 11:48:34,615 [INFO] Rule:211 - rule Change SMPSCLockSelection refparam name for MP1 is applicable
2020-08-20 11:48:34,615 [INFO] Rule:211 - rule Change LPTIM3CLockSelection refparam name for MP1 is applicable
2020-08-20 11:48:34,616 [INFO] Rule:211 - rule Change MPCBB* Default Template Mode to Parameters is applicable
2020-08-20 11:48:34,616 [INFO] Rule:211 - rule Change MPCWM* or MPCBB* Secure Mode to Parameters is applicable
2020-08-20 11:48:34,616 [INFO] Rule:211 - rule Change MPCWM* or MPCBB* No Secure Mode to Parameters is applicable
2020-08-20 11:48:34,616 [INFO] Rule:211 - rule Change TZSC IP Secure Mode to Parameters is applicable
2020-08-20 11:48:34,616 [INFO] Rule:211 - rule Change TZSC IP No Secure Mode to Parameters is applicable
2020-08-20 11:48:34,617 [INFO] Rule:211 - rule Change TZSC IP Privilege Mode to Parameters is applicable
2020-08-20 11:48:34,617 [INFO] Rule:211 - rule Change TZSC IP No Privilege Mode to Parameters is applicable
2020-08-20 11:48:34,617 [INFO] Rule:211 - rule Change TZIC IT Secure Mode to Parameters is applicable
2020-08-20 11:48:34,617 [INFO] Rule:211 - rule Change TZIC IT No Secure Mode to Parameters is applicable
2020-08-20 11:48:34,617 [INFO] Rule:211 - rule Add MPCBB1_NonSecureArea_Start_Address value with referenced to MPCBB1_NonSecureArea_Start value is applicable
2020-08-20 11:48:34,617 [INFO] Rule:211 - rule Add MPCBB2_NonSecureArea_Start_Address value with referenced to MPCBB2_NonSecureArea_Start value is applicable
2020-08-20 11:48:34,617 [INFO] Rule:211 - rule Add MPCWM1_NonSecureArea*_Start_Address value with referenced to MPCWM1_NonSecureArea*_Start value is applicable
2020-08-20 11:48:34,617 [INFO] Rule:211 - rule Add MPCWM2_NonSecureArea*_Start_Address value with referenced to MPCWM2_NonSecureArea*_Start value is applicable
2020-08-20 11:48:34,617 [INFO] Rule:211 - rule Add MPCWM3_NonSecureArea_Start_Address value with referenced to MPCWM3_NonSecureArea_Start value is applicable
2020-08-20 11:48:34,617 [INFO] Rule:211 - rule Change Default Value for PLL1UserDefinedConfig is applicable
2020-08-20 11:48:34,618 [INFO] Rule:211 - rule Change GPIO_PuPd Default Value for USART in async mode is applicable
2020-08-20 11:48:34,618 [INFO] Rule:211 - rule Change SMPSDivider Default Value is applicable
2020-08-20 11:48:34,618 [INFO] Rule:211 - rule OPAMP is applicable
2020-08-20 11:48:34,627 [INFO] DbConfProperties:294 - Apply Compatibility (8/84 Rules)
2020-08-20 11:48:34,754 [WARN] ApiManager:274 - Cannot register API 'Board Extension:IKS01A3' from pack STMicroelectronics.X-CUBE-MEMS1.8.0.0: no header file found
2020-08-20 11:48:34,754 [WARN] ApiManager:274 - Cannot register API 'Board Extension:IKS01A2' from pack STMicroelectronics.X-CUBE-MEMS1.8.0.0: no header file found
2020-08-20 11:48:34,754 [WARN] ApiManager:274 - Cannot register API 'Board Extension:IKS02A1' from pack STMicroelectronics.X-CUBE-MEMS1.8.0.0: no header file found
2020-08-20 11:48:34,758 [INFO] RtosManager:456 - Registered RTOS mode: class=CMSIS, group=RTOS, mode=CMSIS_V1, owner=FREERTOS
2020-08-20 11:48:34,759 [INFO] RtosManager:456 - Registered RTOS mode: class=CMSIS, group=RTOS2, mode=CMSIS_V2, owner=FREERTOS
2020-08-20 11:48:34,759 [INFO] RtosManager:456 - Registered RTOS mode: class=RTOS, group=Core, mode=CMSIS_V1, owner=FREERTOS
2020-08-20 11:48:34,759 [INFO] RtosManager:456 - Registered RTOS mode: class=RTOS, group=Core, mode=CMSIS_V2, owner=FREERTOS
2020-08-20 11:48:34,759 [WARN] ModelIntegratedComponent:188 - Missing modes for component 1597914366859
2020-08-20 11:48:34,760 [WARN] ApiManager:274 - Cannot register API 'Wireless:BlueNRG-2' from pack STMicroelectronics.X-CUBE-BLE2.2.0.0: no header file found
2020-08-20 11:48:34,761 [WARN] ApiManager:274 - Cannot register API 'Board Extension:GNSS1A1' from pack STMicroelectronics.X-CUBE-GNSS1.5.0.0: no header file found
2020-08-20 11:48:34,761 [WARN] ApiManager:274 - Cannot register API 'Board Support:Custom' from pack STMicroelectronics.X-CUBE-GNSS1.5.0.0: no header file found
2020-08-20 11:48:34,762 [WARN] ApiManager:274 - Cannot register API 'Data Exchange:lib_gnss' from pack STMicroelectronics.X-CUBE-GNSS1.5.0.0: no header file found
2020-08-20 11:48:34,762 [WARN] ApiManager:274 - Cannot register API 'Board Extension:S2868A1' from pack STMicroelectronics.X-CUBE-SUBG2.2.0.0: no header file found
2020-08-20 11:48:34,762 [WARN] ApiManager:274 - Cannot register API 'Board Extension:S2868A2' from pack STMicroelectronics.X-CUBE-SUBG2.2.0.0: no header file found
2020-08-20 11:48:34,762 [WARN] ApiManager:274 - Cannot register API 'Board Extension:S2915A1' from pack STMicroelectronics.X-CUBE-SUBG2.2.0.0: no header file found
2020-08-20 11:48:34,763 [WARN] ApiManager:274 - Cannot register API 'Wireless:BlueNRG-MS' from pack STMicroelectronics.X-CUBE-BLE1.6.0.0: no header file found
2020-08-20 11:48:34,849 [WARN] ApiManager:274 - Cannot register API 'Board Extension:IKS01A3' from pack STMicroelectronics.X-CUBE-MEMS1.7.0.0: no header file found
2020-08-20 11:48:34,849 [WARN] ApiManager:274 - Cannot register API 'Board Extension:IKS01A2' from pack STMicroelectronics.X-CUBE-MEMS1.7.0.0: no header file found
2020-08-20 11:48:34,849 [WARN] ApiManager:274 - Cannot register API 'Board Extension:IKS02A1' from pack STMicroelectronics.X-CUBE-MEMS1.7.0.0: no header file found
2020-08-20 11:48:34,962 [WARN] ApiManager:274 - Cannot register API 'Board Extension:IKS01A3' from pack STMicroelectronics.X-CUBE-MEMS1.7.1.0: no header file found
2020-08-20 11:48:34,962 [WARN] ApiManager:274 - Cannot register API 'Board Extension:IKS01A2' from pack STMicroelectronics.X-CUBE-MEMS1.7.1.0: no header file found
2020-08-20 11:48:34,962 [WARN] ApiManager:274 - Cannot register API 'Board Extension:IKS02A1' from pack STMicroelectronics.X-CUBE-MEMS1.7.1.0: no header file found
2020-08-20 11:48:35,265 [INFO] ImportTextPane:162 - (OptionalMessage_ERROR) IP (DMA) : Parameter (Instance) has Id (ADC1) currently not set
2020-08-20 11:48:35,265 [INFO] ImportTextPane:162 - (OptionalMessage_ERROR) IP (DMA) : Parameter (Direction) has Id (ADC1) currently not set
2020-08-20 11:48:35,266 [INFO] ImportTextPane:162 - (OptionalMessage_ERROR) IP (DMA) : Parameter (PeriphInc) has Id (ADC1) currently not set
2020-08-20 11:48:35,266 [INFO] ImportTextPane:162 - (OptionalMessage_ERROR) IP (DMA) : Parameter (MemInc) has Id (ADC1) currently not set
2020-08-20 11:48:35,267 [INFO] ImportTextPane:162 - (OptionalMessage_ERROR) IP (DMA) : Parameter (PeriphDataAlignment) has Id (ADC1) currently not set
2020-08-20 11:48:35,267 [INFO] ImportTextPane:162 - (OptionalMessage_ERROR) IP (DMA) : Parameter (MemDataAlignment) has Id (ADC1) currently not set
2020-08-20 11:48:35,268 [INFO] ImportTextPane:162 - (OptionalMessage_ERROR) IP (DMA) : Parameter (Mode) has Id (ADC1) currently not set
2020-08-20 11:48:35,268 [INFO] ImportTextPane:162 - (OptionalMessage_ERROR) IP (DMA) : Parameter (Priority) has Id (ADC1) currently not set
2020-08-20 11:48:35,481 [INFO] UtilMem:74 - End LoadConfig() Used Memory: 390738960 Bytes (522190848)
2020-08-20 11:48:35,483 [WARN] ThirdParty:741 - waiting for thirdparty lock release [change project]
2020-08-20 11:48:35,483 [INFO] ThirdParty:743 - entering critical section [change project]
2020-08-20 11:48:35,484 [INFO] ThirdParty:968 - CMSIS Pack Vendor :STMicroelectronics USB_HOST 2.0.0
2020-08-20 11:48:35,484 [INFO] ThirdParty:968 - CMSIS Pack Vendor :STMicroelectronics X-CUBE-MEMS1 8.0.0
2020-08-20 11:48:35,484 [INFO] ThirdParty:968 - CMSIS Pack Vendor :STMicroelectronics FreeRTOS 0.0.1
2020-08-20 11:48:35,484 [INFO] ThirdParty:968 - CMSIS Pack Vendor :STMicroelectronics USB_DEVICE 1.0.0
2020-08-20 11:48:35,484 [INFO] ThirdParty:968 - CMSIS Pack Vendor :STMicroelectronics X-CUBE-BLE2 2.0.0
2020-08-20 11:48:35,484 [INFO] ThirdParty:968 - CMSIS Pack Vendor :STMicroelectronics X-CUBE-ALGOBUILD 1.1.0
2020-08-20 11:48:35,484 [INFO] ThirdParty:968 - CMSIS Pack Vendor :STMicroelectronics USB_DEVICE 3.0.0
2020-08-20 11:48:35,484 [INFO] ThirdParty:968 - CMSIS Pack Vendor :STMicroelectronics X-CUBE-GNSS1 5.0.0
2020-08-20 11:48:35,485 [INFO] ThirdParty:968 - CMSIS Pack Vendor :STMicroelectronics X-CUBE-SUBG2 2.0.0
2020-08-20 11:48:35,485 [INFO] ThirdParty:968 - CMSIS Pack Vendor :STMicroelectronics MBEDTLS 2.16.2
2020-08-20 11:48:35,485 [INFO] ThirdParty:968 - CMSIS Pack Vendor :STMicroelectronics X-CUBE-BLE1 6.0.0
2020-08-20 11:48:35,485 [INFO] ThirdParty:968 - CMSIS Pack Vendor :STMicroelectronics X-CUBE-MEMS1 7.0.0
2020-08-20 11:48:35,485 [INFO] ThirdParty:968 - CMSIS Pack Vendor :STMicroelectronics lwIP 2.0.3
2020-08-20 11:48:35,485 [INFO] ThirdParty:968 - CMSIS Pack Vendor :STMicroelectronics lwIP 2.1.2
2020-08-20 11:48:35,485 [INFO] ThirdParty:968 - CMSIS Pack Vendor :STMicroelectronics MBEDTLS 2.14.1
2020-08-20 11:48:35,485 [INFO] ThirdParty:968 - CMSIS Pack Vendor :STMicroelectronics USB_HOST 1.0.0
2020-08-20 11:48:35,486 [INFO] ThirdParty:968 - CMSIS Pack Vendor :STMicroelectronics X-CUBE-TOUCHGFX 4.14.0
2020-08-20 11:48:35,486 [INFO] ThirdParty:968 - CMSIS Pack Vendor :STMicroelectronics X-CUBE-MEMS1 7.1.0
2020-08-20 11:48:35,486 [INFO] ThirdParty:968 - CMSIS Pack Vendor :STMicroelectronics X-CUBE-AI 5.1.2
2020-08-20 11:48:35,486 [INFO] ThirdParty:968 - CMSIS Pack Vendor :STMicroelectronics X-CUBE-NFC4 2.0.0
2020-08-20 11:48:35,486 [INFO] ThirdParty:968 - CMSIS Pack Vendor :STMicroelectronics PDM2PCM 3.1.0
2020-08-20 11:48:35,486 [INFO] ThirdParty:968 - CMSIS Pack Vendor :STMicroelectronics PDM2PCM 3.2.0
2020-08-20 11:48:35,486 [INFO] ThirdParty:968 - CMSIS Pack Vendor :STMicroelectronics USB_DEVICE 2.0.0
2020-08-20 11:48:35,487 [INFO] ThirdParty:968 - CMSIS Pack Vendor :STMicroelectronics PDM2PCM 3.3.0
2020-08-20 11:48:35,487 [INFO] ThirdParty:749 - exiting critical section [change project]
2020-08-20 11:48:35,683 [INFO] PinOutPanel:1418 - setPackage(No Configuration,No Configuration)
2020-08-20 11:48:35,685 [INFO] PinOutPanel:1418 - setPackage(STM32F103RBTx,LQFP64)
2020-08-20 11:48:36,077 [INFO] UtilMem:74 - Before build in PCC Used Memory: 365656512 Bytes (522190848)
2020-08-20 11:48:36,518 [INFO] SharedServices:71 - Folder for power plug-in: C:/Users/marques/.stm32cubemx/plugins/power
2020-08-20 11:48:36,562 [INFO] SharedServices:71 - Folder for power plug-in: C:/Users/marques/.stm32cubemx/plugins/power
2020-08-20 11:48:36,616 [INFO] SharedServices:71 - Folder for power plug-in: C:/Users/marques/.stm32cubemx/plugins/power
2020-08-20 11:48:36,622 [INFO] SharedServices:71 - Folder for power plug-in: C:/Users/marques/.stm32cubemx/plugins/power
2020-08-20 11:48:36,801 [INFO] UtilMem:74 - After build in PCC Used Memory: 418611640 Bytes (522190848)
2020-08-20 11:48:36,834 [INFO] IPUIPlugin:64 - create IPUIPlugin
2020-08-20 11:48:36,835 [INFO] IPUIPlugin:64 - create IPUIPlugin
2020-08-20 11:48:36,835 [INFO] IPUIPlugin:64 - create IPUIPlugin
2020-08-20 11:48:36,835 [INFO] IPUIPlugin:64 - create IPUIPlugin
2020-08-20 11:48:36,835 [INFO] IPUIPlugin:64 - create IPUIPlugin
2020-08-20 11:48:36,836 [INFO] IPUIPlugin:64 - create IPUIPlugin
2020-08-20 11:48:36,836 [INFO] IPUIPlugin:64 - create IPUIPlugin
2020-08-20 11:48:36,836 [INFO] IPUIPlugin:64 - create IPUIPlugin
2020-08-20 11:48:36,836 [INFO] IPUIPlugin:64 - create IPUIPlugin
2020-08-20 11:48:36,837 [INFO] IPUIPlugin:64 - create IPUIPlugin
2020-08-20 11:48:36,837 [INFO] IPUIPlugin:64 - create IPUIPlugin
2020-08-20 11:48:36,837 [INFO] IPUIPlugin:64 - create IPUIPlugin
2020-08-20 11:48:36,837 [INFO] IPUIPlugin:64 - create IPUIPlugin
2020-08-20 11:48:36,838 [INFO] IPUIPlugin:64 - create IPUIPlugin
2020-08-20 11:48:36,838 [INFO] IPUIPlugin:64 - create IPUIPlugin
2020-08-20 11:48:36,838 [INFO] IPUIPlugin:64 - create IPUIPlugin
2020-08-20 11:48:36,839 [INFO] IPUIPlugin:64 - create IPUIPlugin
2020-08-20 11:48:36,839 [INFO] IPUIPlugin:64 - create IPUIPlugin
2020-08-20 11:48:36,839 [INFO] IPUIPlugin:64 - create IPUIPlugin
2020-08-20 11:48:36,839 [INFO] IPUIPlugin:64 - create IPUIPlugin
2020-08-20 11:48:36,840 [INFO] IPUIPlugin:64 - create IPUIPlugin
2020-08-20 11:48:36,840 [INFO] IPUIPlugin:64 - create IPUIPlugin
2020-08-20 11:48:36,840 [INFO] IPUIPlugin:64 - create IPUIPlugin
2020-08-20 11:48:36,840 [INFO] IPUIPlugin:64 - create IPUIPlugin
2020-08-20 11:48:36,841 [INFO] IPUIPlugin:64 - create IPUIPlugin
2020-08-20 11:48:36,841 [INFO] IPUIPlugin:64 - create IPUIPlugin
2020-08-20 11:48:36,841 [INFO] IPUIPlugin:64 - create IPUIPlugin
2020-08-20 11:48:36,882 [INFO] LogOutputStream:76 - [STDOUT_REDIRECT] toolchainItems.length=====1
2020-08-20 11:48:37,085 [INFO] OpenFileManager:294 - Restore cursor
2020-08-20 11:48:37,413 [INFO] UtilMem:74 - End SaveConfig() Used Memory: 386860928 Bytes (522190848)
2020-08-20 11:48:37,583 [INFO] UtilMem:74 - End SaveConfig() Used Memory: 396298112 Bytes (522190848)
2020-08-20 11:48:38,073 [INFO] BlockDiagram:2729 - set Specific Code input for plugin: NVIC
2020-08-20 11:48:38,073 [INFO] BlockDiagram:2729 - set Specific Code input for plugin: USART
2020-08-20 11:48:38,073 [INFO] BlockDiagram:2729 - set Specific Code input for plugin: DMA
2020-08-20 11:48:38,073 [INFO] BlockDiagram:2729 - set Specific Code input for plugin: TIM1_8F1
2020-08-20 11:48:38,073 [INFO] BlockDiagram:2729 - set Specific Code input for plugin: TIM1_8F1
2020-08-20 11:48:38,073 [INFO] BlockDiagram:2729 - set Specific Code input for plugin: TIM1_8F1
2020-08-20 11:48:38,073 [INFO] BlockDiagram:2729 - set Specific Code input for plugin: SYS
2020-08-20 11:48:38,074 [INFO] BlockDiagram:2729 - set Specific Code input for plugin: GPIO
2020-08-20 11:48:38,074 [INFO] BlockDiagram:2729 - set Specific Code input for plugin: ADC
2020-08-20 11:48:38,074 [INFO] BlockDiagram:2729 - set Specific Code input for plugin: RCC
2020-08-20 11:48:38,076 [INFO] CodeGenerator:622 - code generatio: config db path: C:\ST\STM32CubeIDE_1.3.0\STM32CubeIDE\plugins\com.st.stm32cube.common.mx_6.0.1.202008101643\\db\
2020-08-20 11:48:38,562 [INFO] CodeEngine:188 - oldGeneratedFile, C:\Users\marques\Documents\Mes_Softs\ARM_Cortex\Rover_5_F103RB_Origin_CubeIDE\Robot3_F103RB_origin\MXTmpFiles\license.tmp_save
2020-08-20 11:48:38,971 [INFO] CodeEngine:206 - Generated code: C:\Users\marques\Documents\Mes_Softs\ARM_Cortex\Rover_5_F103RB_Origin_CubeIDE\Robot3_F103RB_origin\MXTmpFiles\license.tmp
2020-08-20 11:48:39,130 [INFO] CodeEngine:188 - oldGeneratedFile, C:\Users\marques\Documents\Mes_Softs\ARM_Cortex\Rover_5_F103RB_Origin_CubeIDE\Robot3_F103RB_origin\Core\Src\gpio.c_save
2020-08-20 11:48:39,284 [INFO] CodeEngine:206 - Generated code: C:\Users\marques\Documents\Mes_Softs\ARM_Cortex\Rover_5_F103RB_Origin_CubeIDE\Robot3_F103RB_origin\Core\Src\gpio.c
2020-08-20 11:48:39,291 [INFO] CodeEngine:188 - oldGeneratedFile, C:\Users\marques\Documents\Mes_Softs\ARM_Cortex\Rover_5_F103RB_Origin_CubeIDE\Robot3_F103RB_origin\Core\Inc\gpio.h_save
2020-08-20 11:48:39,369 [INFO] CodeEngine:206 - Generated code: C:\Users\marques\Documents\Mes_Softs\ARM_Cortex\Rover_5_F103RB_Origin_CubeIDE\Robot3_F103RB_origin\Core\Inc\gpio.h
2020-08-20 11:48:39,902 [INFO] LogOutputStream:76 - [STDOUT_REDIRECT] Command line
2020-08-20 11:48:39,909 [INFO] CodeEngine:188 - oldGeneratedFile, C:\Users\marques\Documents\Mes_Softs\ARM_Cortex\Rover_5_F103RB_Origin_CubeIDE\Robot3_F103RB_origin\Core\Src\adc.c_save
2020-08-20 11:48:40,024 [INFO] CodeEngine:206 - Generated code: C:\Users\marques\Documents\Mes_Softs\ARM_Cortex\Rover_5_F103RB_Origin_CubeIDE\Robot3_F103RB_origin\Core\Src\adc.c
2020-08-20 11:48:40,029 [INFO] CodeEngine:188 - oldGeneratedFile, C:\Users\marques\Documents\Mes_Softs\ARM_Cortex\Rover_5_F103RB_Origin_CubeIDE\Robot3_F103RB_origin\Core\Inc\adc.h_save
2020-08-20 11:48:40,106 [INFO] CodeEngine:206 - Generated code: C:\Users\marques\Documents\Mes_Softs\ARM_Cortex\Rover_5_F103RB_Origin_CubeIDE\Robot3_F103RB_origin\Core\Inc\adc.h
2020-08-20 11:48:40,107 [INFO] LogOutputStream:76 - [STDOUT_REDIRECT] Command line
2020-08-20 11:48:40,121 [INFO] CodeEngine:188 - oldGeneratedFile, C:\Users\marques\Documents\Mes_Softs\ARM_Cortex\Rover_5_F103RB_Origin_CubeIDE\Robot3_F103RB_origin\Core\Src\dma.c_save
2020-08-20 11:48:40,176 [INFO] CodeEngine:206 - Generated code: C:\Users\marques\Documents\Mes_Softs\ARM_Cortex\Rover_5_F103RB_Origin_CubeIDE\Robot3_F103RB_origin\Core\Src\dma.c
2020-08-20 11:48:40,181 [INFO] CodeEngine:188 - oldGeneratedFile, C:\Users\marques\Documents\Mes_Softs\ARM_Cortex\Rover_5_F103RB_Origin_CubeIDE\Robot3_F103RB_origin\Core\Inc\dma.h_save
2020-08-20 11:48:40,247 [INFO] CodeEngine:206 - Generated code: C:\Users\marques\Documents\Mes_Softs\ARM_Cortex\Rover_5_F103RB_Origin_CubeIDE\Robot3_F103RB_origin\Core\Inc\dma.h
2020-08-20 11:48:40,249 [INFO] LogOutputStream:76 - [STDOUT_REDIRECT] Command line
2020-08-20 11:48:40,257 [INFO] CodeEngine:188 - oldGeneratedFile, C:\Users\marques\Documents\Mes_Softs\ARM_Cortex\Rover_5_F103RB_Origin_CubeIDE\Robot3_F103RB_origin\Core\Src\tim.c_save
2020-08-20 11:48:40,375 [INFO] CodeEngine:206 - Generated code: C:\Users\marques\Documents\Mes_Softs\ARM_Cortex\Rover_5_F103RB_Origin_CubeIDE\Robot3_F103RB_origin\Core\Src\tim.c
2020-08-20 11:48:40,382 [INFO] CodeEngine:188 - oldGeneratedFile, C:\Users\marques\Documents\Mes_Softs\ARM_Cortex\Rover_5_F103RB_Origin_CubeIDE\Robot3_F103RB_origin\Core\Inc\tim.h_save
2020-08-20 11:48:40,452 [INFO] CodeEngine:206 - Generated code: C:\Users\marques\Documents\Mes_Softs\ARM_Cortex\Rover_5_F103RB_Origin_CubeIDE\Robot3_F103RB_origin\Core\Inc\tim.h
2020-08-20 11:48:40,454 [INFO] LogOutputStream:76 - [STDOUT_REDIRECT] Command line
2020-08-20 11:48:40,461 [INFO] CodeEngine:188 - oldGeneratedFile, C:\Users\marques\Documents\Mes_Softs\ARM_Cortex\Rover_5_F103RB_Origin_CubeIDE\Robot3_F103RB_origin\Core\Src\usart.c_save
2020-08-20 11:48:40,576 [INFO] CodeEngine:206 - Generated code: C:\Users\marques\Documents\Mes_Softs\ARM_Cortex\Rover_5_F103RB_Origin_CubeIDE\Robot3_F103RB_origin\Core\Src\usart.c
2020-08-20 11:48:40,584 [INFO] CodeEngine:188 - oldGeneratedFile, C:\Users\marques\Documents\Mes_Softs\ARM_Cortex\Rover_5_F103RB_Origin_CubeIDE\Robot3_F103RB_origin\Core\Inc\usart.h_save
2020-08-20 11:48:40,668 [INFO] CodeEngine:206 - Generated code: C:\Users\marques\Documents\Mes_Softs\ARM_Cortex\Rover_5_F103RB_Origin_CubeIDE\Robot3_F103RB_origin\Core\Inc\usart.h
2020-08-20 11:48:40,679 [INFO] CodeEngine:188 - oldGeneratedFile, C:\Users\marques\Documents\Mes_Softs\ARM_Cortex\Rover_5_F103RB_Origin_CubeIDE\Robot3_F103RB_origin\Core\Src\stm32f1xx_it.c_save
2020-08-20 11:48:40,814 [INFO] CodeEngine:206 - Generated code: C:\Users\marques\Documents\Mes_Softs\ARM_Cortex\Rover_5_F103RB_Origin_CubeIDE\Robot3_F103RB_origin\Core\Src\stm32f1xx_it.c
2020-08-20 11:48:40,819 [INFO] CodeEngine:188 - oldGeneratedFile, C:\Users\marques\Documents\Mes_Softs\ARM_Cortex\Rover_5_F103RB_Origin_CubeIDE\Robot3_F103RB_origin\Core\Inc\stm32f1xx_it.h_save
2020-08-20 11:48:40,888 [INFO] CodeEngine:206 - Generated code: C:\Users\marques\Documents\Mes_Softs\ARM_Cortex\Rover_5_F103RB_Origin_CubeIDE\Robot3_F103RB_origin\Core\Inc\stm32f1xx_it.h
2020-08-20 11:48:40,897 [INFO] CodeEngine:188 - oldGeneratedFile, C:\Users\marques\Documents\Mes_Softs\ARM_Cortex\Rover_5_F103RB_Origin_CubeIDE\Robot3_F103RB_origin\Core\Src\stm32f1xx_hal_msp.c_save
2020-08-20 11:48:40,980 [INFO] CodeEngine:206 - Generated code: C:\Users\marques\Documents\Mes_Softs\ARM_Cortex\Rover_5_F103RB_Origin_CubeIDE\Robot3_F103RB_origin\Core\Src\stm32f1xx_hal_msp.c
2020-08-20 11:48:40,986 [INFO] CodeEngine:188 - oldGeneratedFile, C:\Users\marques\Documents\Mes_Softs\ARM_Cortex\Rover_5_F103RB_Origin_CubeIDE\Robot3_F103RB_origin\MXTmpFiles\system.tmp_save
2020-08-20 11:48:41,043 [INFO] CodeEngine:206 - Generated code: C:\Users\marques\Documents\Mes_Softs\ARM_Cortex\Rover_5_F103RB_Origin_CubeIDE\Robot3_F103RB_origin\MXTmpFiles\system.tmp
2020-08-20 11:48:41,048 [INFO] CodeEngine:188 - oldGeneratedFile, C:\Users\marques\Documents\Mes_Softs\ARM_Cortex\Rover_5_F103RB_Origin_CubeIDE\Robot3_F103RB_origin\Core\Inc\stm32f1xx_hal_conf.h_save
2020-08-20 11:48:41,135 [INFO] CodeEngine:206 - Generated code: C:\Users\marques\Documents\Mes_Softs\ARM_Cortex\Rover_5_F103RB_Origin_CubeIDE\Robot3_F103RB_origin\Core\Inc\stm32f1xx_hal_conf.h
2020-08-20 11:48:41,169 [INFO] CodeEngine:188 - oldGeneratedFile, C:\Users\marques\Documents\Mes_Softs\ARM_Cortex\Rover_5_F103RB_Origin_CubeIDE\Robot3_F103RB_origin\Core\Inc\main.h_save
2020-08-20 11:48:41,236 [INFO] CodeEngine:206 - Generated code: C:\Users\marques\Documents\Mes_Softs\ARM_Cortex\Rover_5_F103RB_Origin_CubeIDE\Robot3_F103RB_origin\Core\Inc\main.h
2020-08-20 11:48:41,241 [INFO] CodeEngine:188 - oldGeneratedFile, C:\Users\marques\Documents\Mes_Softs\ARM_Cortex\Rover_5_F103RB_Origin_CubeIDE\Robot3_F103RB_origin\Core\Src\main.c_save
2020-08-20 11:48:41,323 [INFO] CodeEngine:206 - Generated code: C:\Users\marques\Documents\Mes_Softs\ARM_Cortex\Rover_5_F103RB_Origin_CubeIDE\Robot3_F103RB_origin\Core\Src\main.c
2020-08-20 11:48:42,013 [INFO] ProjectBuilder:2168 - Time for Copy HAL[1] : 84mS.
2020-08-20 11:48:42,019 [INFO] ProjectBuilder:2988 - Project Generator version: 3.10.0-B14
2020-08-20 11:48:42,456 [INFO] ConfigFileManager:1183 - The Die is : DIE410
2020-08-20 11:48:42,466 [INFO] ApiDbMcu:456 - Load IP Config File for FATFS
2020-08-20 11:48:42,470 [INFO] ApiDbMcu:456 - Load IP Config File for FREERTOS
2020-08-20 11:48:42,476 [INFO] ApiDbMcu:456 - Load IP Config File for USB_DEVICE
2020-08-20 11:48:46,671 [ERROR] root:96 - SUCCESS
2020-08-20 11:48:46,723 [INFO] ProjectBuilder:3155 - Time for Generating toolchain IDE Files: 4704mS.
2020-08-20 11:48:46,724 [INFO] ProjectBuilder:2044 - Time for Copy CMSIS : 1mS.
2020-08-20 11:48:46,728 [INFO] ProjectBuilder:2044 - Time for Copy CMSIS : 0mS.
2020-08-20 12:07:06,966 [INFO] ApiDb:226 - Save user favorites file C:\Users\marques/.stm32cubeide/favorites.mcus.txt: 0 item(s)
2020-08-20 12:07:06,968 [INFO] ApiDb:230 - User favorites MCUs=[]
